<?xml version="1.0" encoding="UTF-8"?>
<!-- Generated by org.testng.reporters.JUnitXMLReporter -->
<testsuite hostname="SQE" name="Test" tests="13" failures="0" timestamp="12 Jan 2017 13:30:39 GMT" time="208.614" errors="0">
  <testcase name="Posting_Pictures_Contents_by_Business_User" time="45.379" classname="foodniche_project.Contents_by_business_user"/>
  <testcase name="Editing_Pictures_Contents_by_Business_User" time="14.48" classname="foodniche_project.Contents_by_business_user"/>
  <testcase name="Deleting_Pictures_Contents_by_Business_User" time="1.262" classname="foodniche_project.Contents_by_business_user"/>
  <testcase name="Posting_Video_Contents_By_Business_User" time="14.921" classname="foodniche_project.Contents_by_business_user"/>
  <testcase name="Editing_Video_Contents_by_Business_User" time="13.086" classname="foodniche_project.Contents_by_business_user"/>
  <testcase name="Deleting_Video_Contents_by_Business_User" time="0.757" classname="foodniche_project.Contents_by_business_user"/>
  <testcase name="Posting_Recipe_Contents_by_Business_User" time="33.099" classname="foodniche_project.Contents_by_business_user"/>
  <testcase name="Editing_Recipe_Contents_by_Business_User" time="11.104" classname="foodniche_project.Contents_by_business_user"/>
  <testcase name="Deleting_Recipe_Contents_Contents_by_Business_User" time="1.292" classname="foodniche_project.Contents_by_business_user"/>
  <testcase name="Posting_Tutorials_Contents_by_Business_User" time="30.078" classname="foodniche_project.Contents_by_business_user"/>
  <testcase name="Editing_Tutorials_Contents_by_Business_User" time="11.43" classname="foodniche_project.Contents_by_business_user"/>
  <testcase name="Deleting_Tutorials_Contents_by_Business_User" time="1.226" classname="foodniche_project.Contents_by_business_user"/>
  <testcase name="Posting_Coupons_Contents_by_Business_User" time="30.434" classname="foodniche_project.Contents_by_business_user"/>
</testsuite> <!-- Test -->
