<?xml version="1.0" encoding="UTF-8"?>
<testng-results skipped="0" failed="0" total="0" passed="0">
  <reporter-output>
  </reporter-output>
  <suite name="Suite1" duration-ms="5" started-at="2017-01-12T12:26:51Z" finished-at="2017-01-12T12:26:51Z">
    <groups>
    </groups>
    <test name="Test" duration-ms="5" started-at="2017-01-12T12:26:51Z" finished-at="2017-01-12T12:26:51Z">
    </test> <!-- Test -->
  </suite> <!-- Suite1 -->
  <suite name="Suite2" duration-ms="0" started-at="2017-01-12T12:26:52Z" finished-at="2017-01-12T12:26:52Z">
    <groups>
    </groups>
    <test name="Test" duration-ms="0" started-at="2017-01-12T12:26:52Z" finished-at="2017-01-12T12:26:52Z">
    </test> <!-- Test -->
  </suite> <!-- Suite2 -->
</testng-results>
